<?xml version="1.0" encoding="UTF-8"?>
<!-- Generated by org.testng.reporters.JUnitReportReporter -->
<testsuite hostname="M5-L-9D23R93" failures="0" tests="4" name="api.test.UserTests2" time="8.404" errors="0" timestamp="2024-02-26T23:52:24 IST" skipped="0">
  <testcase classname="api.test.UserTests2" name="testpostuser" time="3.400"/>
  <system-out/>
  <testcase classname="api.test.UserTests2" name="getuserbyname" time="2.029"/>
  <system-out/>
  <testcase classname="api.test.UserTests2" name="updateusername" time="1.151"/>
  <system-out/>
  <testcase classname="api.test.UserTests2" name="deleteusername" time="1.824"/>
  <system-out/>
</testsuite> <!-- api.test.UserTests2 -->
