<?xml version="1.0" encoding="UTF-8"?>
<!-- Generated by org.testng.reporters.JUnitReportReporter -->
<testsuite hostname="M5-L-9D23R93" failures="0" tests="4" name="api.test.UserTests" time="8.280" errors="0" timestamp="2024-02-26T23:38:41 IST" skipped="0">
  <testcase classname="api.test.UserTests" name="testpostuser" time="3.739"/>
  <system-out/>
  <testcase classname="api.test.UserTests" name="getuserbyname" time="1.473"/>
  <system-out/>
  <testcase classname="api.test.UserTests" name="updateusername" time="1.745"/>
  <system-out/>
  <testcase classname="api.test.UserTests" name="deleteusername" time="1.323"/>
  <system-out/>
</testsuite> <!-- api.test.UserTests -->
