<?xml version="1.0" encoding="UTF-8"?>
<!-- Generated by org.testng.reporters.JUnitReportReporter -->
<testsuite hostname="M5-L-9D23R93" failures="0" tests="6" name="api.test.DDTests" time="7.699" errors="0" timestamp="2024-02-26T23:38:41 IST" skipped="0">
  <testcase classname="api.test.DDTests" name="testpostuser" time="1.346"/>
  <system-out/>
  <testcase classname="api.test.DDTests" name="testpostuser" time="1.099"/>
  <system-out/>
  <testcase classname="api.test.DDTests" name="testpostuser" time="1.448"/>
  <system-out/>
  <testcase classname="api.test.DDTests" name="deleteuser" time="1.082"/>
  <system-out/>
  <testcase classname="api.test.DDTests" name="deleteuser" time="1.400"/>
  <system-out/>
  <testcase classname="api.test.DDTests" name="deleteuser" time="1.324"/>
  <system-out/>
</testsuite> <!-- api.test.DDTests -->
