<?xml version="1.0" encoding="UTF-8"?>
<!-- Generated by org.testng.reporters.JUnitReportReporter -->
<testsuite hostname="M5-L-9D23R93" failures="0" tests="6" name="api.test.DDTests" time="8.055" errors="0" timestamp="2024-02-27T00:21:08 IST" skipped="0">
  <testcase classname="api.test.DDTests" name="testpostuser" time="1.682"/>
  <system-out/>
  <testcase classname="api.test.DDTests" name="testpostuser" time="1.141"/>
  <system-out/>
  <testcase classname="api.test.DDTests" name="testpostuser" time="1.123"/>
  <system-out/>
  <testcase classname="api.test.DDTests" name="deleteuser" time="1.073"/>
  <system-out/>
  <testcase classname="api.test.DDTests" name="deleteuser" time="1.332"/>
  <system-out/>
  <testcase classname="api.test.DDTests" name="deleteuser" time="1.704"/>
  <system-out/>
</testsuite> <!-- api.test.DDTests -->
