<?xml version="1.0" encoding="UTF-8"?>
<!-- Generated by org.testng.reporters.JUnitReportReporter -->
<testsuite hostname="M5-L-9D23R93" failures="0" tests="4" name="api.test.UserTests" time="10.127" errors="0" timestamp="2024-02-27T00:21:08 IST" skipped="0">
  <testcase classname="api.test.UserTests" name="testpostuser" time="5.612"/>
  <system-out/>
  <testcase classname="api.test.UserTests" name="getuserbyname" time="1.730"/>
  <system-out/>
  <testcase classname="api.test.UserTests" name="updateusername" time="1.719"/>
  <system-out/>
  <testcase classname="api.test.UserTests" name="deleteusername" time="1.066"/>
  <system-out/>
</testsuite> <!-- api.test.UserTests -->
